2025-08-24 20:27:36 [INFO] logger.py:32 日志初始化完成
2025-08-24 20:27:38 [INFO] logger.py:32 日志初始化完成
2025-08-24 20:27:38 [INFO] logger.py:32 日志初始化完成
2025-08-24 20:27:38 [INFO] logger.py:32 日志初始化完成
2025-08-24 20:27:38 [INFO] logger.py:32 日志初始化完成
2025-08-24 20:27:49 [INFO] home_page.py:16 当前已在首页
2025-08-24 20:27:49 [INFO] home_page.py:16 当前已在首页
2025-08-24 20:27:49 [INFO] home_page.py:16 当前已在首页
2025-08-24 20:27:49 [INFO] home_page.py:16 当前已在首页
2025-08-24 20:27:56 [INFO] conftest.py:94 ✅ expected: 新增成功 | actual: 新增成功
2025-08-24 20:27:57 [INFO] conftest.py:94 ✅ expected: 新增成功 | actual: 新增成功
2025-08-24 20:27:57 [INFO] base_page.py:70 常规点击失败，尝试 JS 点击: ('xpath', "//span[text()='新增']") )
2025-08-24 20:27:57 [DEBUG] base_page.py:75 JS 点击成功: ('xpath', "//span[text()='新增']")
2025-08-24 20:28:01 [INFO] conftest.py:94 ✅ expected: 新增成功 | actual: 新增成功
2025-08-24 20:28:03 [INFO] conftest.py:94 ✅ expected: 导入成功 | actual: 导入成功
2025-08-24 20:28:04 [INFO] conftest.py:94 ✅ expected: 新增成功 | actual: 新增成功
2025-08-24 20:28:05 [INFO] conftest.py:94 ✅ expected: 修改成功 | actual: 修改成功
2025-08-24 20:28:07 [INFO] conftest.py:94 ✅ expected: 导入成功 | actual: 导入成功
2025-08-24 20:28:09 [ERROR] base_page.py:98 常规输入失败，尝试 JS 输入: ('xpath', "//input[@formcontrolname='employeeName']")，原因: Message: element click intercepted: Element <input _ngcontent-xnk-c328="" nz-input="" formcontrolname="employeeName" class="ant-input ng-pristine ng-touched ng-valid" placeholder="请输入员工姓名"> is not clickable at point (693, 92). Other element would receive the click: <div class="ant-tabs-nav-wrap">...</div>
  (Session info: chrome=139.0.7258.139)
Stacktrace:
	GetHandleVerifier [0x0x10dffc3+65331]
	GetHandleVerifier [0x0x10e0004+65396]
	(No symbol) [0x0xed3f63]
	(No symbol) [0x0xf22ce0]
	(No symbol) [0x0xf2109a]
	(No symbol) [0x0xf1ebf2]
	(No symbol) [0x0xf1dee1]
	(No symbol) [0x0xf12645]
	(No symbol) [0x0xf414dc]
	(No symbol) [0x0xf120d4]
	(No symbol) [0x0xf41754]
	(No symbol) [0x0xf62bcb]
	(No symbol) [0x0xf412d6]
	(No symbol) [0x0xf10910]
	(No symbol) [0x0xf11784]
	GetHandleVerifier [0x0x13238b3+2439203]
	GetHandleVerifier [0x0x131eae2+2419282]
	GetHandleVerifier [0x0x110712a+225434]
	GetHandleVerifier [0x0x10f6e08+159096]
	GetHandleVerifier [0x0x10fdd5d+187597]
	GetHandleVerifier [0x0x10e7ad8+96840]
	GetHandleVerifier [0x0x10e7c62+97234]
	GetHandleVerifier [0x0x10d277a+9962]
	BaseThreadInitThunk [0x0x76b85d49+25]
	RtlInitializeExceptionChain [0x0x77d7d2fb+107]
	RtlGetAppContainerNamedObjectPath [0x0x77d7d281+561]

2025-08-24 20:28:11 [INFO] conftest.py:94 ✅ expected: 共1笔记录 | actual: 共1笔记录
2025-08-24 20:28:11 [INFO] conftest.py:94 ✅ expected: 修改成功 | actual: 修改成功
2025-08-24 20:28:12 [ERROR] conftest.py:96 ❌ expected: 删除成功 | actual: 该核决层级被使用，不允许删除！
2025-08-24 20:28:12 [INFO] conftest.py:94 ✅ expected: 不允许删除 | actual: 该核决层级被使用，不允许删除！
2025-08-24 20:28:12 [INFO] conftest.py:94 ✅ expected: 停用成功 | actual: 停用成功
2025-08-24 20:28:16 [INFO] conftest.py:94 ✅ expected: 停用成功 | actual: 员工 : 37147停用成功
2025-08-24 20:28:18 [INFO] conftest.py:94 ✅ expected: 启用成功 | actual: 启用成功
2025-08-24 20:28:19 [INFO] conftest.py:94 ✅ expected: 修改成功 | actual: 用户ID : qwerreee修改成功
2025-08-24 20:28:21 [INFO] conftest.py:94 ✅ expected: 启用成功 | actual: 员工 : 37147启用成功
2025-08-24 20:28:26 [INFO] conftest.py:94 ✅ expected: 新增成功 | actual: 新增成功
2025-08-24 20:28:26 [INFO] conftest.py:94 ✅ expected: 删除成功 | actual: 删除成功
2025-08-24 20:28:26 [INFO] conftest.py:94 ✅ expected: 停用成功 | actual: 用户ID auto000005$qwerreee停用成功!
2025-08-24 20:28:30 [INFO] conftest.py:94 ✅ expected: 删除成功 | actual: 删除成功
2025-08-24 20:28:32 [INFO] conftest.py:94 ✅ expected: 启用成功 | actual: 用户ID auto000005$qwerreee启用成功!
2025-08-24 20:28:35 [INFO] conftest.py:94 ✅ expected: 修改成功 | actual: 修改成功
2025-08-24 20:28:36 [INFO] base_page.py:70 常规点击失败，尝试 JS 点击: ('xpath', "//span[text()=' 储存 ']") )
2025-08-24 20:28:36 [DEBUG] base_page.py:75 JS 点击成功: ('xpath', "//span[text()=' 储存 ']")
2025-08-24 20:28:36 [INFO] conftest.py:94 ✅ expected: 新增成功 | actual: 新增成功
2025-08-24 20:28:38 [INFO] conftest.py:94 ✅ expected: 新增成功 | actual: 角色ID : 365999新增成功
2025-08-24 20:28:43 [INFO] conftest.py:94 ✅ expected: 删除成功 | actual: 删除成功
2025-08-24 20:28:43 [INFO] conftest.py:94 ✅ expected: 用户已删除 | actual: 用户已删除
2025-08-24 20:28:45 [INFO] conftest.py:94 ✅ expected: 导入成功 | actual: 导入成功
2025-08-24 20:28:46 [INFO] base_page.py:70 常规点击失败，尝试 JS 点击: ('xpath', "//span[text()=' 储存 ']") )
2025-08-24 20:28:46 [DEBUG] base_page.py:75 JS 点击成功: ('xpath', "//span[text()=' 储存 ']")
2025-08-24 20:28:47 [INFO] conftest.py:94 ✅ expected: 修改成功 | actual: 修改成功
2025-08-24 20:28:50 [INFO] conftest.py:94 ✅ expected: 用户群组已新增 | actual: 用户群组已新增
2025-08-24 20:28:52 [INFO] conftest.py:94 ✅ expected: 修改成功 | actual: 角色ID : 1212修改成功
2025-08-24 20:28:55 [INFO] conftest.py:94 ✅ expected: 删除成功 | actual: 删除成功
2025-08-24 20:28:58 [INFO] conftest.py:94 ✅ expected: 删除成功 | actual: 角色ID 1212删除成功
2025-08-24 20:28:58 [INFO] conftest.py:94 ✅ expected: 用户群组已新增 | actual: 用户群组已新增
2025-08-24 20:29:00 [INFO] conftest.py:94 ✅ expected: 新增成功 | actual: 新增成功
2025-08-24 20:29:01 [INFO] conftest.py:94 ✅ expected: 导入成功 | actual: 导入成功
2025-08-24 20:29:05 [INFO] conftest.py:94 ✅ expected: 用户群组已修改 | actual: 用户群组已修改
2025-08-24 20:29:06 [INFO] conftest.py:94 ✅ expected: 新增成功 | actual: 新增成功
2025-08-24 20:29:06 [INFO] base_page.py:70 常规点击失败，尝试 JS 点击: ('xpath', '(//label)[last()]') )
2025-08-24 20:29:06 [DEBUG] base_page.py:75 JS 点击成功: ('xpath', '(//label)[last()]')
2025-08-24 20:29:10 [INFO] conftest.py:94 ✅ expected: 新增成功 | actual: 新增成功
2025-08-24 20:29:10 [INFO] base_page.py:70 常规点击失败，尝试 JS 点击: ('xpath', "//div[text()='企业组织']") )
2025-08-24 20:29:10 [DEBUG] base_page.py:75 JS 点击成功: ('xpath', "//div[text()='企业组织']")
2025-08-24 20:29:10 [INFO] conftest.py:94 ✅ expected: 修改成功 | actual: 修改成功
2025-08-24 20:29:12 [INFO] conftest.py:94 ✅ expected: 用户群组已删除 | actual: 用户群组已删除
2025-08-24 20:29:13 [INFO] conftest.py:94 ✅ expected: 修改成功 | actual: 修改成功
2025-08-24 20:29:17 [INFO] base_page.py:70 常规点击失败，尝试 JS 点击: ('xpath', '(//label)[last()]') )
2025-08-24 20:29:17 [DEBUG] base_page.py:75 JS 点击成功: ('xpath', '(//label)[last()]')
2025-08-24 20:29:18 [INFO] conftest.py:94 ✅ expected: 修改成功 | actual: 修改成功
2025-08-24 20:29:19 [INFO] conftest.py:94 ✅ expected: 我的首页 | actual: 我的首页
2025-08-24 20:29:19 [INFO] conftest.py:94 ✅ expected: 删除成功 | actual: 删除成功
2025-08-24 20:29:23 [INFO] conftest.py:94 ✅ expected: 操作成功 | actual: 操作成功
2025-08-24 20:29:26 [INFO] conftest.py:94 ✅ expected: 删除成功 | actual: 删除成功
2025-08-24 20:29:29 [INFO] conftest.py:94 ✅ expected: 新增成功 | actual: 新增成功
2025-08-24 20:29:32 [INFO] conftest.py:94 ✅ expected: 邀请发起成功 | actual: 邀请发起成功
2025-08-24 20:29:33 [INFO] conftest.py:94 ✅ expected: 密码错误 | actual: 用户账户或密码错误，您还能尝试9次，若您是采用微信注册，请使用微信扫码登陆
2025-08-24 20:29:35 [INFO] conftest.py:94 ✅ expected: 授权码产生成功 | actual: 授权码产生成功
2025-08-24 20:29:38 [INFO] conftest.py:94 ✅ expected: 邀请发起成功 | actual: 邀请发起成功
2025-08-24 20:29:38 [INFO] conftest.py:94 ✅ expected: 修改成功 | actual: 修改成功
2025-08-24 20:29:40 [INFO] test_invite_user.py:33 开始测试用户管理-生成邀请用户链接
2025-08-24 20:29:43 [INFO] conftest.py:94 ✅ expected: 代理授权码 | actual: 代理授权码
2025-08-24 20:29:45 [INFO] conftest.py:94 ✅ expected: 用户账户或密码错误 | actual: 用户账户或密码错误，若您是采用微信注册，请使用微信扫码登陆
2025-08-24 20:29:50 [INFO] conftest.py:94 ✅ expected: 通知信件发送成功 | actual: 通知信件发送成功
